<testsuites id="" name="" tests="2" failures="2" skipped="0" errors="0" time="31.099418999999997">
<testsuite name="profile-cv.spec.ts" timestamp="2025-12-08T17:30:32.673Z" hostname="chromium" tests="2" failures="2" skipped="0" time="38.564" errors="0">
<testcase name="Profile and CV Creation › should allow a new user to create profile and CV, then redirect to dashboard" classname="profile-cv.spec.ts" time="19.347">
<failure message="profile-cv.spec.ts:40:9 should allow a new user to create profile and CV, then redirect to dashboard" type="FAILURE">
<![CDATA[  [chromium] › profile-cv.spec.ts:40:9 › Profile and CV Creation › should allow a new user to create profile and CV, then redirect to dashboard 

    TimeoutError: locator.click: Timeout 15000ms exceeded.
    Call log:
      - waiting for getByTestId('login-link')


      25 |     // Ensure login view is active
      26 |     if (!await page.getByRole('heading', { name: 'Login' }).isVisible()) {
    > 27 |         await page.getByTestId('login-link').click(); // Switch to login form if not already
         |                                              ^
      28 |     }
      29 |
      30 |     await page.getByTestId('email-input').fill(email);
        at loginUser (C:\Users\Administrator\Documents\IBE 160 Programmering med KI\CVAI Turbo\SG-Oslo-Best\tests\e2e\profile-cv.spec.ts:27:46)
        at C:\Users\Administrator\Documents\IBE 160 Programmering med KI\CVAI Turbo\SG-Oslo-Best\tests\e2e\profile-cv.spec.ts:48:9

    attachment #1: screenshot (image/png) ──────────────────────────────────────────────────────────
    ..\..\test-results\profile-cv-Profile-and-CV--b2628--then-redirect-to-dashboard-chromium\test-failed-1.png
    ────────────────────────────────────────────────────────────────────────────────────────────────

    attachment #2: video (video/webm) ──────────────────────────────────────────────────────────────
    ..\..\test-results\profile-cv-Profile-and-CV--b2628--then-redirect-to-dashboard-chromium\video.webm
    ────────────────────────────────────────────────────────────────────────────────────────────────

    Error Context: ..\..\test-results\profile-cv-Profile-and-CV--b2628--then-redirect-to-dashboard-chromium\error-context.md

    attachment #4: trace (application/zip) ─────────────────────────────────────────────────────────
    ..\..\test-results\profile-cv-Profile-and-CV--b2628--then-redirect-to-dashboard-chromium\trace.zip
    Usage:

        npx playwright show-trace ..\..\test-results\profile-cv-Profile-and-CV--b2628--then-redirect-to-dashboard-chromium\trace.zip

    ────────────────────────────────────────────────────────────────────────────────────────────────
]]>
</failure>
<system-out>
<![CDATA[
[[ATTACHMENT|profile-cv-Profile-and-CV--b2628--then-redirect-to-dashboard-chromium\test-failed-1.png]]

[[ATTACHMENT|profile-cv-Profile-and-CV--b2628--then-redirect-to-dashboard-chromium\video.webm]]

[[ATTACHMENT|profile-cv-Profile-and-CV--b2628--then-redirect-to-dashboard-chromium\error-context.md]]

[[ATTACHMENT|profile-cv-Profile-and-CV--b2628--then-redirect-to-dashboard-chromium\trace.zip]]
]]>
</system-out>
</testcase>
<testcase name="Profile and CV Creation › should display validation errors for mandatory fields" classname="profile-cv.spec.ts" time="19.217">
<failure message="profile-cv.spec.ts:72:9 should display validation errors for mandatory fields" type="FAILURE">
<![CDATA[  [chromium] › profile-cv.spec.ts:72:9 › Profile and CV Creation › should display validation errors for mandatory fields 

    TimeoutError: locator.click: Timeout 15000ms exceeded.
    Call log:
      - waiting for getByTestId('login-link')


      25 |     // Ensure login view is active
      26 |     if (!await page.getByRole('heading', { name: 'Login' }).isVisible()) {
    > 27 |         await page.getByTestId('login-link').click(); // Switch to login form if not already
         |                                              ^
      28 |     }
      29 |
      30 |     await page.getByTestId('email-input').fill(email);
        at loginUser (C:\Users\Administrator\Documents\IBE 160 Programmering med KI\CVAI Turbo\SG-Oslo-Best\tests\e2e\profile-cv.spec.ts:27:46)
        at C:\Users\Administrator\Documents\IBE 160 Programmering med KI\CVAI Turbo\SG-Oslo-Best\tests\e2e\profile-cv.spec.ts:80:9

    attachment #1: screenshot (image/png) ──────────────────────────────────────────────────────────
    ..\..\test-results\profile-cv-Profile-and-CV--df1af-errors-for-mandatory-fields-chromium\test-failed-1.png
    ────────────────────────────────────────────────────────────────────────────────────────────────

    attachment #2: video (video/webm) ──────────────────────────────────────────────────────────────
    ..\..\test-results\profile-cv-Profile-and-CV--df1af-errors-for-mandatory-fields-chromium\video.webm
    ────────────────────────────────────────────────────────────────────────────────────────────────

    Error Context: ..\..\test-results\profile-cv-Profile-and-CV--df1af-errors-for-mandatory-fields-chromium\error-context.md

    attachment #4: trace (application/zip) ─────────────────────────────────────────────────────────
    ..\..\test-results\profile-cv-Profile-and-CV--df1af-errors-for-mandatory-fields-chromium\trace.zip
    Usage:

        npx playwright show-trace ..\..\test-results\profile-cv-Profile-and-CV--df1af-errors-for-mandatory-fields-chromium\trace.zip

    ────────────────────────────────────────────────────────────────────────────────────────────────
]]>
</failure>
<system-out>
<![CDATA[
[[ATTACHMENT|profile-cv-Profile-and-CV--df1af-errors-for-mandatory-fields-chromium\test-failed-1.png]]

[[ATTACHMENT|profile-cv-Profile-and-CV--df1af-errors-for-mandatory-fields-chromium\video.webm]]

[[ATTACHMENT|profile-cv-Profile-and-CV--df1af-errors-for-mandatory-fields-chromium\error-context.md]]

[[ATTACHMENT|profile-cv-Profile-and-CV--df1af-errors-for-mandatory-fields-chromium\trace.zip]]
]]>
</system-out>
</testcase>
</testsuite>
</testsuites>